{"D:\\Training\\react-v2\\mintchip\\postcss.config.js": {"path":"D:\\Training\\react-v2\\mintchip\\postcss.config.js","all":true,"statementMap":{"0":{"start":{"line":1,"column":0},"end":{"line":1,"column":16}},"1":{"start":{"line":2,"column":0},"end":{"line":2,"column":12}},"2":{"start":{"line":3,"column":0},"end":{"line":3,"column":20}},"3":{"start":{"line":4,"column":0},"end":{"line":4,"column":21}},"4":{"start":{"line":5,"column":0},"end":{"line":5,"column":4}},"5":{"start":{"line":6,"column":0},"end":{"line":6,"column":1}}},"s":{"0":0,"1":0,"2":0,"3":0,"4":0,"5":0},"branchMap":{"0":{"type":"branch","line":1,"loc":{"start":{"line":1,"column":79},"end":{"line":6,"column":1}},"locations":[{"start":{"line":1,"column":79},"end":{"line":6,"column":1}}]}},"b":{"0":[0]},"fnMap":{"0":{"name":"(empty-report)","decl":{"start":{"line":1,"column":79},"end":{"line":6,"column":1}},"loc":{"start":{"line":1,"column":79},"end":{"line":6,"column":1}},"line":1}},"f":{"0":0}}
,"D:\\Training\\react-v2\\mintchip\\tailwind.config.js": {"path":"D:\\Training\\react-v2\\mintchip\\tailwind.config.js","all":true,"statementMap":{"0":{"start":{"line":1,"column":0},"end":{"line":1,"column":43}},"1":{"start":{"line":2,"column":0},"end":{"line":2,"column":16}},"2":{"start":{"line":3,"column":0},"end":{"line":3,"column":51}},"3":{"start":{"line":4,"column":0},"end":{"line":4,"column":10}},"4":{"start":{"line":5,"column":0},"end":{"line":5,"column":15}},"5":{"start":{"line":6,"column":0},"end":{"line":6,"column":4}},"6":{"start":{"line":7,"column":0},"end":{"line":7,"column":14}},"7":{"start":{"line":8,"column":0},"end":{"line":8,"column":1}}},"s":{"0":0,"1":0,"2":0,"3":0,"4":0,"5":0,"6":0,"7":0},"branchMap":{"0":{"type":"branch","line":1,"loc":{"start":{"line":1,"column":161},"end":{"line":8,"column":1}},"locations":[{"start":{"line":1,"column":161},"end":{"line":8,"column":1}}]}},"b":{"0":[0]},"fnMap":{"0":{"name":"(empty-report)","decl":{"start":{"line":1,"column":161},"end":{"line":8,"column":1}},"loc":{"start":{"line":1,"column":161},"end":{"line":8,"column":1}},"line":1}},"f":{"0":0}}
,"D:\\Training\\react-v2\\mintchip\\src\\App.tsx": {"path":"D:\\Training\\react-v2\\mintchip\\src\\App.tsx","all":true,"statementMap":{"0":{"start":{"line":1,"column":0},"end":{"line":1,"column":18}},"2":{"start":{"line":3,"column":0},"end":{"line":3,"column":16}},"4":{"start":{"line":5,"column":0},"end":{"line":5,"column":10}},"5":{"start":{"line":6,"column":0},"end":{"line":6,"column":6}},"6":{"start":{"line":7,"column":0},"end":{"line":7,"column":60}},"7":{"start":{"line":8,"column":0},"end":{"line":8,"column":7}},"9":{"start":{"line":10,"column":0},"end":{"line":10,"column":1}},"11":{"start":{"line":12,"column":0},"end":{"line":12,"column":18}}},"s":{"0":0,"2":0,"4":0,"5":0,"6":0,"7":0,"9":0,"11":0},"branchMap":{"0":{"type":"branch","line":1,"loc":{"start":{"line":1,"column":161},"end":{"line":12,"column":18}},"locations":[{"start":{"line":1,"column":161},"end":{"line":12,"column":18}}]}},"b":{"0":[0]},"fnMap":{"0":{"name":"(empty-report)","decl":{"start":{"line":1,"column":161},"end":{"line":12,"column":18}},"loc":{"start":{"line":1,"column":161},"end":{"line":12,"column":18}},"line":1}},"f":{"0":0}}
,"D:\\Training\\react-v2\\mintchip\\src\\main.tsx": {"path":"D:\\Training\\react-v2\\mintchip\\src\\main.tsx","all":true,"statementMap":{"0":{"start":{"line":1,"column":0},"end":{"line":1,"column":34}},"1":{"start":{"line":2,"column":0},"end":{"line":2,"column":45}},"2":{"start":{"line":3,"column":0},"end":{"line":3,"column":20}},"3":{"start":{"line":4,"column":0},"end":{"line":4,"column":27}},"5":{"start":{"line":6,"column":0},"end":{"line":6,"column":52}},"6":{"start":{"line":7,"column":0},"end":{"line":7,"column":14}},"7":{"start":{"line":8,"column":0},"end":{"line":8,"column":11}},"8":{"start":{"line":9,"column":0},"end":{"line":9,"column":16}},"9":{"start":{"line":10,"column":0},"end":{"line":10,"column":1}}},"s":{"0":0,"1":0,"2":0,"3":0,"5":0,"6":0,"7":0,"8":0,"9":0},"branchMap":{"0":{"type":"branch","line":1,"loc":{"start":{"line":1,"column":210},"end":{"line":10,"column":-156}},"locations":[{"start":{"line":1,"column":210},"end":{"line":10,"column":-156}}]}},"b":{"0":[0]},"fnMap":{"0":{"name":"(empty-report)","decl":{"start":{"line":1,"column":210},"end":{"line":10,"column":-156}},"loc":{"start":{"line":1,"column":210},"end":{"line":10,"column":-156}},"line":1}},"f":{"0":0}}
,"D:\\Training\\react-v2\\mintchip\\src\\app\\hooks.ts": {"path":"D:\\Training\\react-v2\\mintchip\\src\\app\\hooks.ts","all":false,"statementMap":{"0":{"start":{"line":1,"column":0},"end":{"line":1,"column":82}},"7":{"start":{"line":8,"column":0},"end":{"line":8,"column":61}},"8":{"start":{"line":9,"column":0},"end":{"line":9,"column":75}},"11":{"start":{"line":12,"column":0},"end":{"line":12,"column":33}},"12":{"start":{"line":13,"column":0},"end":{"line":13,"column":54}},"13":{"start":{"line":14,"column":0},"end":{"line":14,"column":1}}},"s":{"0":1,"7":1,"8":1,"11":1,"12":0,"13":0},"branchMap":{},"b":{},"fnMap":{"0":{"name":"useAuthStatus","decl":{"start":{"line":12,"column":7},"end":{"line":14,"column":1}},"loc":{"start":{"line":12,"column":7},"end":{"line":14,"column":1}},"line":12}},"f":{"0":0}}
,"D:\\Training\\react-v2\\mintchip\\src\\app\\store.ts": {"path":"D:\\Training\\react-v2\\mintchip\\src\\app\\store.ts","all":true,"statementMap":{"0":{"start":{"line":1,"column":0},"end":{"line":1,"column":50}},"1":{"start":{"line":2,"column":0},"end":{"line":2,"column":53}},"7":{"start":{"line":8,"column":0},"end":{"line":8,"column":37}},"8":{"start":{"line":9,"column":0},"end":{"line":9,"column":12}},"9":{"start":{"line":10,"column":0},"end":{"line":10,"column":22}},"10":{"start":{"line":11,"column":0},"end":{"line":11,"column":4}},"11":{"start":{"line":12,"column":0},"end":{"line":12,"column":50}},"12":{"start":{"line":13,"column":0},"end":{"line":13,"column":3}}},"s":{"0":0,"1":0,"7":0,"8":0,"9":0,"10":0,"11":0,"12":0},"branchMap":{"0":{"type":"branch","line":1,"loc":{"start":{"line":1,"column":539},"end":{"line":17,"column":48}},"locations":[{"start":{"line":1,"column":539},"end":{"line":17,"column":48}}]}},"b":{"0":[0]},"fnMap":{"0":{"name":"(empty-report)","decl":{"start":{"line":1,"column":539},"end":{"line":17,"column":48}},"loc":{"start":{"line":1,"column":539},"end":{"line":17,"column":48}},"line":1}},"f":{"0":0}}
,"D:\\Training\\react-v2\\mintchip\\src\\components\\Spinner.tsx": {"path":"D:\\Training\\react-v2\\mintchip\\src\\components\\Spinner.tsx","all":true,"statementMap":{"0":{"start":{"line":1,"column":0},"end":{"line":1,"column":35}},"1":{"start":{"line":2,"column":0},"end":{"line":2,"column":82}},"2":{"start":{"line":3,"column":0},"end":{"line":3,"column":1}}},"s":{"0":0,"1":0,"2":0},"branchMap":{"0":{"type":"branch","line":1,"loc":{"start":{"line":1,"column":122},"end":{"line":3,"column":1}},"locations":[{"start":{"line":1,"column":122},"end":{"line":3,"column":1}}]}},"b":{"0":[0]},"fnMap":{"0":{"name":"(empty-report)","decl":{"start":{"line":1,"column":122},"end":{"line":3,"column":1}},"loc":{"start":{"line":1,"column":122},"end":{"line":3,"column":1}},"line":1}},"f":{"0":0}}
,"D:\\Training\\react-v2\\mintchip\\src\\features\\auth\\authSlice.ts": {"path":"D:\\Training\\react-v2\\mintchip\\src\\features\\auth\\authSlice.ts","all":false,"statementMap":{"0":{"start":{"line":1,"column":0},"end":{"line":1,"column":47}},"6":{"start":{"line":7,"column":0},"end":{"line":7,"column":33}},"7":{"start":{"line":8,"column":0},"end":{"line":8,"column":17}},"8":{"start":{"line":9,"column":0},"end":{"line":9,"column":2}},"10":{"start":{"line":11,"column":0},"end":{"line":11,"column":31}},"11":{"start":{"line":12,"column":0},"end":{"line":12,"column":15}},"12":{"start":{"line":13,"column":0},"end":{"line":13,"column":15}},"13":{"start":{"line":14,"column":0},"end":{"line":14,"column":13}},"14":{"start":{"line":15,"column":0},"end":{"line":15,"column":29}},"15":{"start":{"line":16,"column":0},"end":{"line":16,"column":37}},"16":{"start":{"line":17,"column":0},"end":{"line":17,"column":6}},"17":{"start":{"line":18,"column":0},"end":{"line":18,"column":21}},"18":{"start":{"line":19,"column":0},"end":{"line":19,"column":29}},"19":{"start":{"line":20,"column":0},"end":{"line":20,"column":6}},"20":{"start":{"line":21,"column":0},"end":{"line":21,"column":22}},"21":{"start":{"line":22,"column":0},"end":{"line":22,"column":28}},"22":{"start":{"line":23,"column":0},"end":{"line":23,"column":6}},"23":{"start":{"line":24,"column":0},"end":{"line":24,"column":4}},"24":{"start":{"line":25,"column":0},"end":{"line":25,"column":3}},"26":{"start":{"line":27,"column":0},"end":{"line":27,"column":75}},"27":{"start":{"line":28,"column":0},"end":{"line":28,"column":33}}},"s":{"0":1,"6":1,"7":1,"8":1,"10":1,"11":1,"12":1,"13":1,"14":1,"15":0,"16":0,"17":1,"18":0,"19":0,"20":1,"21":0,"22":0,"23":1,"24":1,"26":1,"27":1},"branchMap":{},"b":{},"fnMap":{"0":{"name":"setAuthenticated","decl":{"start":{"line":15,"column":4},"end":{"line":17,"column":6}},"loc":{"start":{"line":15,"column":4},"end":{"line":17,"column":6}},"line":15},"1":{"name":"setError","decl":{"start":{"line":18,"column":4},"end":{"line":20,"column":6}},"loc":{"start":{"line":18,"column":4},"end":{"line":20,"column":6}},"line":18},"2":{"name":"resetAuth","decl":{"start":{"line":21,"column":4},"end":{"line":23,"column":6}},"loc":{"start":{"line":21,"column":4},"end":{"line":23,"column":6}},"line":21}},"f":{"0":0,"1":0,"2":0}}
,"D:\\Training\\react-v2\\mintchip\\src\\pages\\Dashboard\\DashboardPage.tsx": {"path":"D:\\Training\\react-v2\\mintchip\\src\\pages\\Dashboard\\DashboardPage.tsx","all":true,"statementMap":{"0":{"start":{"line":1,"column":0},"end":{"line":1,"column":37}},"1":{"start":{"line":2,"column":0},"end":{"line":2,"column":12}},"2":{"start":{"line":3,"column":0},"end":{"line":3,"column":92}},"3":{"start":{"line":4,"column":0},"end":{"line":4,"column":66}},"4":{"start":{"line":5,"column":0},"end":{"line":5,"column":79}},"5":{"start":{"line":6,"column":0},"end":{"line":6,"column":14}},"7":{"start":{"line":8,"column":0},"end":{"line":8,"column":1}}},"s":{"0":0,"1":0,"2":0,"3":0,"4":0,"5":0,"7":0},"branchMap":{"0":{"type":"branch","line":1,"loc":{"start":{"line":1,"column":321},"end":{"line":8,"column":1}},"locations":[{"start":{"line":1,"column":321},"end":{"line":8,"column":1}}]}},"b":{"0":[0]},"fnMap":{"0":{"name":"(empty-report)","decl":{"start":{"line":1,"column":321},"end":{"line":8,"column":1}},"loc":{"start":{"line":1,"column":321},"end":{"line":8,"column":1}},"line":1}},"f":{"0":0}}
,"D:\\Training\\react-v2\\mintchip\\src\\pages\\Login\\LoginPage.tsx": {"path":"D:\\Training\\react-v2\\mintchip\\src\\pages\\Login\\LoginPage.tsx","all":true,"statementMap":{"0":{"start":{"line":1,"column":0},"end":{"line":1,"column":37}},"1":{"start":{"line":2,"column":0},"end":{"line":2,"column":12}},"2":{"start":{"line":3,"column":0},"end":{"line":3,"column":92}},"3":{"start":{"line":4,"column":0},"end":{"line":4,"column":67}},"4":{"start":{"line":5,"column":0},"end":{"line":5,"column":79}},"5":{"start":{"line":6,"column":0},"end":{"line":6,"column":14}},"7":{"start":{"line":8,"column":0},"end":{"line":8,"column":1}}},"s":{"0":0,"1":0,"2":0,"3":0,"4":0,"5":0,"7":0},"branchMap":{"0":{"type":"branch","line":1,"loc":{"start":{"line":1,"column":322},"end":{"line":8,"column":1}},"locations":[{"start":{"line":1,"column":322},"end":{"line":8,"column":1}}]}},"b":{"0":[0]},"fnMap":{"0":{"name":"(empty-report)","decl":{"start":{"line":1,"column":322},"end":{"line":8,"column":1}},"loc":{"start":{"line":1,"column":322},"end":{"line":8,"column":1}},"line":1}},"f":{"0":0}}
,"D:\\Training\\react-v2\\mintchip\\src\\pages\\Settings\\SettingsPage.tsx": {"path":"D:\\Training\\react-v2\\mintchip\\src\\pages\\Settings\\SettingsPage.tsx","all":true,"statementMap":{"0":{"start":{"line":1,"column":0},"end":{"line":1,"column":40}},"1":{"start":{"line":2,"column":0},"end":{"line":2,"column":12}},"2":{"start":{"line":3,"column":0},"end":{"line":3,"column":92}},"3":{"start":{"line":4,"column":0},"end":{"line":4,"column":70}},"4":{"start":{"line":5,"column":0},"end":{"line":5,"column":79}},"5":{"start":{"line":6,"column":0},"end":{"line":6,"column":14}},"7":{"start":{"line":8,"column":0},"end":{"line":8,"column":1}}},"s":{"0":0,"1":0,"2":0,"3":0,"4":0,"5":0,"7":0},"branchMap":{"0":{"type":"branch","line":1,"loc":{"start":{"line":1,"column":328},"end":{"line":8,"column":1}},"locations":[{"start":{"line":1,"column":328},"end":{"line":8,"column":1}}]}},"b":{"0":[0]},"fnMap":{"0":{"name":"(empty-report)","decl":{"start":{"line":1,"column":328},"end":{"line":8,"column":1}},"loc":{"start":{"line":1,"column":328},"end":{"line":8,"column":1}},"line":1}},"f":{"0":0}}
,"D:\\Training\\react-v2\\mintchip\\src\\routes\\AppRoutes.tsx": {"path":"D:\\Training\\react-v2\\mintchip\\src\\routes\\AppRoutes.tsx","all":true,"statementMap":{"0":{"start":{"line":1,"column":0},"end":{"line":1,"column":39}},"1":{"start":{"line":2,"column":0},"end":{"line":2,"column":64}},"2":{"start":{"line":3,"column":0},"end":{"line":3,"column":42}},"3":{"start":{"line":4,"column":0},"end":{"line":4,"column":44}},"5":{"start":{"line":6,"column":0},"end":{"line":6,"column":65}},"6":{"start":{"line":7,"column":0},"end":{"line":7,"column":77}},"7":{"start":{"line":8,"column":0},"end":{"line":8,"column":74}},"9":{"start":{"line":10,"column":0},"end":{"line":10,"column":37}},"10":{"start":{"line":11,"column":0},"end":{"line":11,"column":10}},"11":{"start":{"line":12,"column":0},"end":{"line":12,"column":19}},"12":{"start":{"line":13,"column":0},"end":{"line":13,"column":39}},"13":{"start":{"line":14,"column":0},"end":{"line":14,"column":16}},"14":{"start":{"line":15,"column":0},"end":{"line":15,"column":57}},"17":{"start":{"line":18,"column":0},"end":{"line":18,"column":44}},"18":{"start":{"line":19,"column":0},"end":{"line":19,"column":58}},"19":{"start":{"line":20,"column":0},"end":{"line":20,"column":65}},"20":{"start":{"line":21,"column":0},"end":{"line":21,"column":18}},"23":{"start":{"line":24,"column":0},"end":{"line":24,"column":52}},"24":{"start":{"line":25,"column":0},"end":{"line":25,"column":17}},"25":{"start":{"line":26,"column":0},"end":{"line":26,"column":17}},"26":{"start":{"line":27,"column":0},"end":{"line":27,"column":20}},"28":{"start":{"line":29,"column":0},"end":{"line":29,"column":1}}},"s":{"0":0,"1":0,"2":0,"3":0,"5":0,"6":0,"7":0,"9":0,"10":0,"11":0,"12":0,"13":0,"14":0,"17":0,"18":0,"19":0,"20":0,"23":0,"24":0,"25":0,"26":0,"28":0},"branchMap":{"0":{"type":"branch","line":1,"loc":{"start":{"line":1,"column":993},"end":{"line":29,"column":1}},"locations":[{"start":{"line":1,"column":993},"end":{"line":29,"column":1}}]}},"b":{"0":[0]},"fnMap":{"0":{"name":"(empty-report)","decl":{"start":{"line":1,"column":993},"end":{"line":29,"column":1}},"loc":{"start":{"line":1,"column":993},"end":{"line":29,"column":1}},"line":1}},"f":{"0":0}}
,"D:\\Training\\react-v2\\mintchip\\src\\routes\\PrivateRoute.tsx": {"path":"D:\\Training\\react-v2\\mintchip\\src\\routes\\PrivateRoute.tsx","all":false,"statementMap":{"0":{"start":{"line":1,"column":0},"end":{"line":1,"column":65}},"1":{"start":{"line":2,"column":0},"end":{"line":2,"column":46}},"3":{"start":{"line":4,"column":0},"end":{"line":4,"column":40}},"4":{"start":{"line":5,"column":0},"end":{"line":5,"column":64}},"5":{"start":{"line":6,"column":0},"end":{"line":6,"column":55}},"6":{"start":{"line":7,"column":0},"end":{"line":7,"column":35}},"8":{"start":{"line":9,"column":0},"end":{"line":9,"column":26}},"9":{"start":{"line":10,"column":0},"end":{"line":10,"column":75}},"10":{"start":{"line":11,"column":0},"end":{"line":11,"column":5}},"12":{"start":{"line":13,"column":0},"end":{"line":13,"column":21}},"13":{"start":{"line":14,"column":0},"end":{"line":14,"column":1}}},"s":{"0":1,"1":1,"3":2,"4":2,"5":2,"6":2,"8":2,"9":1,"10":1,"12":1,"13":1},"branchMap":{"0":{"type":"branch","line":4,"loc":{"start":{"line":4,"column":0},"end":{"line":14,"column":1}},"locations":[{"start":{"line":4,"column":0},"end":{"line":14,"column":1}}]},"1":{"type":"branch","line":9,"loc":{"start":{"line":9,"column":25},"end":{"line":14,"column":1}},"locations":[{"start":{"line":9,"column":25},"end":{"line":14,"column":1}}]},"2":{"type":"branch","line":5,"loc":{"start":{"line":5,"column":34},"end":{"line":5,"column":62}},"locations":[{"start":{"line":5,"column":34},"end":{"line":5,"column":62}}]}},"b":{"0":[2],"1":[1],"2":[4]},"fnMap":{"0":{"name":"PrivateRoute","decl":{"start":{"line":4,"column":0},"end":{"line":14,"column":1}},"loc":{"start":{"line":4,"column":0},"end":{"line":14,"column":1}},"line":4}},"f":{"0":2}}
}
